[0.448s] DEBUG:colcon:Command line arguments: ['/usr/bin/colcon', 'build', '--symlink-install']
[0.449s] DEBUG:colcon:Parsed command line arguments: Namespace(log_base=None, log_level=None, verb_name='build', build_base='build', install_base='install', merge_install=False, symlink_install=True, test_result_base=None, continue_on_error=False, executor='parallel', parallel_workers=2, event_handlers=None, ignore_user_meta=False, metas=['./colcon.meta'], base_paths=['.'], packages_ignore=None, packages_ignore_regex=None, paths=None, packages_up_to=None, packages_up_to_regex=None, packages_above=None, packages_above_and_dependencies=None, packages_above_depth=None, packages_select_by_dep=None, packages_skip_by_dep=None, packages_skip_up_to=None, packages_select_build_failed=False, packages_skip_build_finished=False, packages_select_test_failures=False, packages_skip_test_passed=False, packages_select=None, packages_skip=None, packages_select_regex=None, packages_skip_regex=None, packages_start=None, packages_end=None, allow_overriding=[], cmake_args=None, cmake_target=None, cmake_target_skip_unavailable=False, cmake_clean_cache=False, cmake_clean_first=False, cmake_force_configure=False, ament_cmake_args=None, catkin_cmake_args=None, catkin_skip_building_tests=False, mixin_files=None, mixin=None, verb_parser=<colcon_mixin.mixin.mixin_argument.MixinArgumentDecorator object at 0x7656ac935630>, verb_extension=<colcon_core.verb.build.BuildVerb object at 0x7656ac9350f0>, main=<bound method BuildVerb.main of <colcon_core.verb.build.BuildVerb object at 0x7656ac9350f0>>, mixin_verb=('build',))
[1.453s] Level 1:colcon.colcon_core.package_discovery:discover_packages(colcon_meta) check parameters
[1.454s] Level 1:colcon.colcon_core.package_discovery:discover_packages(recursive) check parameters
[1.454s] Level 1:colcon.colcon_core.package_discovery:discover_packages(ignore) check parameters
[1.454s] Level 1:colcon.colcon_core.package_discovery:discover_packages(path) check parameters
[1.454s] Level 1:colcon.colcon_core.package_discovery:discover_packages(colcon_meta) discover
[1.454s] Level 1:colcon.colcon_core.package_discovery:discover_packages(recursive) discover
[1.455s] INFO:colcon.colcon_core.package_discovery:Crawling recursively for packages in '/home/jerry/ros2_ws/src/johnny_two'
[1.455s] Level 1:colcon.colcon_core.package_identification:_identify(.) by extensions ['ignore', 'ignore_ament_install']
[1.455s] Level 1:colcon.colcon_core.package_identification:_identify(.) by extension 'ignore'
[1.456s] Level 1:colcon.colcon_core.package_identification:_identify(.) by extension 'ignore_ament_install'
[1.456s] Level 1:colcon.colcon_core.package_identification:_identify(.) by extensions ['colcon_pkg']
[1.456s] Level 1:colcon.colcon_core.package_identification:_identify(.) by extension 'colcon_pkg'
[1.456s] Level 1:colcon.colcon_core.package_identification:_identify(.) by extensions ['colcon_meta']
[1.456s] Level 1:colcon.colcon_core.package_identification:_identify(.) by extension 'colcon_meta'
[1.456s] Level 1:colcon.colcon_core.package_identification:_identify(.) by extensions ['ros']
[1.457s] Level 1:colcon.colcon_core.package_identification:_identify(.) by extension 'ros'
[1.588s] DEBUG:colcon.colcon_core.package_identification:Package '.' with type 'ros.ament_cmake' and name 'johnny_two'
[1.588s] Level 1:colcon.colcon_core.package_discovery:discover_packages(recursive) using defaults
[1.589s] Level 1:colcon.colcon_core.package_discovery:discover_packages(ignore) discover
[1.589s] Level 1:colcon.colcon_core.package_discovery:discover_packages(ignore) using defaults
[1.589s] Level 1:colcon.colcon_core.package_discovery:discover_packages(path) discover
[1.589s] Level 1:colcon.colcon_core.package_discovery:discover_packages(path) using defaults
[1.709s] Level 1:colcon.colcon_core.package_discovery:discover_packages(prefix_path) check parameters
[1.709s] Level 1:colcon.colcon_core.package_discovery:discover_packages(prefix_path) discover
[1.712s] WARNING:colcon.colcon_ros.prefix_path.ament:The path '/home/jerry/ros2_ws/src/johnny_two/install/my_bot' in the environment variable AMENT_PREFIX_PATH doesn't exist
[1.713s] WARNING:colcon.colcon_ros.prefix_path.catkin:The path '/home/jerry/ros2_ws/src/johnny_two/install/my_bot' in the environment variable CMAKE_PREFIX_PATH doesn't exist
[1.716s] DEBUG:colcon.colcon_installed_package_information.package_discovery:Found 2 installed packages in /home/jerry/ros2_ws/install
[1.717s] DEBUG:colcon.colcon_installed_package_information.package_discovery:Found 0 installed packages in /home/jerry/ros2_ws/src/johnny_two/install
[1.728s] DEBUG:colcon.colcon_installed_package_information.package_discovery:Found 273 installed packages in /opt/ros/humble
[1.754s] Level 1:colcon.colcon_core.package_discovery:discover_packages(prefix_path) using defaults
[1.897s] Level 5:colcon.colcon_core.verb:set package 'johnny_two' build argument 'cmake_args' from command line to 'None'
[1.897s] Level 5:colcon.colcon_core.verb:set package 'johnny_two' build argument 'cmake_target' from command line to 'None'
[1.897s] Level 5:colcon.colcon_core.verb:set package 'johnny_two' build argument 'cmake_target_skip_unavailable' from command line to 'False'
[1.898s] Level 5:colcon.colcon_core.verb:set package 'johnny_two' build argument 'cmake_clean_cache' from command line to 'False'
[1.898s] Level 5:colcon.colcon_core.verb:set package 'johnny_two' build argument 'cmake_clean_first' from command line to 'False'
[1.898s] Level 5:colcon.colcon_core.verb:set package 'johnny_two' build argument 'cmake_force_configure' from command line to 'False'
[1.898s] Level 5:colcon.colcon_core.verb:set package 'johnny_two' build argument 'ament_cmake_args' from command line to 'None'
[1.898s] Level 5:colcon.colcon_core.verb:set package 'johnny_two' build argument 'catkin_cmake_args' from command line to 'None'
[1.898s] Level 5:colcon.colcon_core.verb:set package 'johnny_two' build argument 'catkin_skip_building_tests' from command line to 'False'
[1.898s] DEBUG:colcon.colcon_core.verb:Building package 'johnny_two' with the following arguments: {'ament_cmake_args': None, 'build_base': '/home/jerry/ros2_ws/src/johnny_two/build/johnny_two', 'catkin_cmake_args': None, 'catkin_skip_building_tests': False, 'cmake_args': None, 'cmake_clean_cache': False, 'cmake_clean_first': False, 'cmake_force_configure': False, 'cmake_target': None, 'cmake_target_skip_unavailable': False, 'install_base': '/home/jerry/ros2_ws/src/johnny_two/install/johnny_two', 'merge_install': False, 'path': '/home/jerry/ros2_ws/src/johnny_two', 'symlink_install': True, 'test_result_base': None}
[1.899s] INFO:colcon.colcon_core.executor:Executing jobs using 'parallel' executor
[1.901s] DEBUG:colcon.colcon_parallel_executor.executor.parallel:run_until_complete
[1.902s] INFO:colcon.colcon_ros.task.ament_cmake.build:Building ROS package in '/home/jerry/ros2_ws/src/johnny_two' with build type 'ament_cmake'
[1.903s] INFO:colcon.colcon_cmake.task.cmake.build:Building CMake package in '/home/jerry/ros2_ws/src/johnny_two'
[1.910s] INFO:colcon.colcon_core.plugin_system:Skipping extension 'colcon_core.shell.bat': Not used on non-Windows systems
[1.910s] INFO:colcon.colcon_core.shell:Skip shell extension 'powershell' for command environment: Not usable outside of PowerShell
[1.911s] DEBUG:colcon.colcon_core.shell:Skip shell extension 'dsv' for command environment
[1.952s] DEBUG:colcon.colcon_core.event_handler.log_command:Invoking command in '/home/jerry/ros2_ws/src/johnny_two/build/johnny_two': CMAKE_PREFIX_PATH=${CMAKE_PREFIX_PATH}:/opt/ros/humble /usr/bin/cmake /home/jerry/ros2_ws/src/johnny_two -DAMENT_CMAKE_SYMLINK_INSTALL=1 -DCMAKE_INSTALL_PREFIX=/home/jerry/ros2_ws/src/johnny_two/install/johnny_two
[4.983s] DEBUG:colcon.colcon_core.event_handler.log_command:Invoked command in '/home/jerry/ros2_ws/src/johnny_two/build/johnny_two' returned '0': CMAKE_PREFIX_PATH=${CMAKE_PREFIX_PATH}:/opt/ros/humble /usr/bin/cmake /home/jerry/ros2_ws/src/johnny_two -DAMENT_CMAKE_SYMLINK_INSTALL=1 -DCMAKE_INSTALL_PREFIX=/home/jerry/ros2_ws/src/johnny_two/install/johnny_two
[4.986s] DEBUG:colcon.colcon_core.event_handler.log_command:Invoking command in '/home/jerry/ros2_ws/src/johnny_two/build/johnny_two': CMAKE_PREFIX_PATH=${CMAKE_PREFIX_PATH}:/opt/ros/humble /usr/bin/cmake --build /home/jerry/ros2_ws/src/johnny_two/build/johnny_two -- -j2 -l2
[5.150s] DEBUG:colcon.colcon_core.event_handler.log_command:Invoked command in '/home/jerry/ros2_ws/src/johnny_two/build/johnny_two' returned '0': CMAKE_PREFIX_PATH=${CMAKE_PREFIX_PATH}:/opt/ros/humble /usr/bin/cmake --build /home/jerry/ros2_ws/src/johnny_two/build/johnny_two -- -j2 -l2
[5.312s] DEBUG:colcon.colcon_core.event_handler.log_command:Invoking command in '/home/jerry/ros2_ws/src/johnny_two/build/johnny_two': CMAKE_PREFIX_PATH=${CMAKE_PREFIX_PATH}:/opt/ros/humble /usr/bin/cmake --install /home/jerry/ros2_ws/src/johnny_two/build/johnny_two
[6.055s] Level 1:colcon.colcon_core.environment:create_environment_scripts_only(johnny_two)
[6.059s] DEBUG:colcon.colcon_core.event_handler.log_command:Invoked command in '/home/jerry/ros2_ws/src/johnny_two/build/johnny_two' returned '0': CMAKE_PREFIX_PATH=${CMAKE_PREFIX_PATH}:/opt/ros/humble /usr/bin/cmake --install /home/jerry/ros2_ws/src/johnny_two/build/johnny_two
[6.064s] Level 1:colcon.colcon_core.environment:checking '/home/jerry/ros2_ws/src/johnny_two/install/johnny_two' for CMake module files
[6.066s] Level 1:colcon.colcon_core.environment:checking '/home/jerry/ros2_ws/src/johnny_two/install/johnny_two' for CMake config files
[6.068s] Level 1:colcon.colcon_core.shell:create_environment_hook('johnny_two', 'cmake_prefix_path')
[6.068s] INFO:colcon.colcon_core.shell:Creating environment hook '/home/jerry/ros2_ws/src/johnny_two/install/johnny_two/share/johnny_two/hook/cmake_prefix_path.ps1'
[6.070s] INFO:colcon.colcon_core.shell:Creating environment descriptor '/home/jerry/ros2_ws/src/johnny_two/install/johnny_two/share/johnny_two/hook/cmake_prefix_path.dsv'
[6.072s] INFO:colcon.colcon_core.shell:Creating environment hook '/home/jerry/ros2_ws/src/johnny_two/install/johnny_two/share/johnny_two/hook/cmake_prefix_path.sh'
[6.074s] Level 1:colcon.colcon_core.environment:checking '/home/jerry/ros2_ws/src/johnny_two/install/johnny_two/bin'
[6.075s] Level 1:colcon.colcon_core.environment:checking '/home/jerry/ros2_ws/src/johnny_two/install/johnny_two/lib/pkgconfig/johnny_two.pc'
[6.076s] Level 1:colcon.colcon_core.environment:checking '/home/jerry/ros2_ws/src/johnny_two/install/johnny_two/lib/python3.10/site-packages'
[6.077s] Level 1:colcon.colcon_core.environment:checking '/home/jerry/ros2_ws/src/johnny_two/install/johnny_two/bin'
[6.078s] INFO:colcon.colcon_core.shell:Creating package script '/home/jerry/ros2_ws/src/johnny_two/install/johnny_two/share/johnny_two/package.ps1'
[6.081s] INFO:colcon.colcon_core.shell:Creating package descriptor '/home/jerry/ros2_ws/src/johnny_two/install/johnny_two/share/johnny_two/package.dsv'
[6.082s] INFO:colcon.colcon_core.shell:Creating package script '/home/jerry/ros2_ws/src/johnny_two/install/johnny_two/share/johnny_two/package.sh'
[6.085s] INFO:colcon.colcon_core.shell:Creating package script '/home/jerry/ros2_ws/src/johnny_two/install/johnny_two/share/johnny_two/package.bash'
[6.087s] INFO:colcon.colcon_core.shell:Creating package script '/home/jerry/ros2_ws/src/johnny_two/install/johnny_two/share/johnny_two/package.zsh'
[6.089s] Level 1:colcon.colcon_core.environment:create_file_with_runtime_dependencies(/home/jerry/ros2_ws/src/johnny_two/install/johnny_two/share/colcon-core/packages/johnny_two)
[6.229s] Level 1:colcon.colcon_core.environment:create_environment_scripts_only(johnny_two)
[6.230s] Level 1:colcon.colcon_core.environment:checking '/home/jerry/ros2_ws/src/johnny_two/install/johnny_two' for CMake module files
[6.232s] Level 1:colcon.colcon_core.environment:checking '/home/jerry/ros2_ws/src/johnny_two/install/johnny_two' for CMake config files
[6.234s] Level 1:colcon.colcon_core.shell:create_environment_hook('johnny_two', 'cmake_prefix_path')
[6.235s] INFO:colcon.colcon_core.shell:Creating environment hook '/home/jerry/ros2_ws/src/johnny_two/install/johnny_two/share/johnny_two/hook/cmake_prefix_path.ps1'
[6.238s] INFO:colcon.colcon_core.shell:Creating environment descriptor '/home/jerry/ros2_ws/src/johnny_two/install/johnny_two/share/johnny_two/hook/cmake_prefix_path.dsv'
[6.241s] INFO:colcon.colcon_core.shell:Creating environment hook '/home/jerry/ros2_ws/src/johnny_two/install/johnny_two/share/johnny_two/hook/cmake_prefix_path.sh'
[6.245s] Level 1:colcon.colcon_core.environment:checking '/home/jerry/ros2_ws/src/johnny_two/install/johnny_two/bin'
[6.245s] Level 1:colcon.colcon_core.environment:checking '/home/jerry/ros2_ws/src/johnny_two/install/johnny_two/lib/pkgconfig/johnny_two.pc'
[6.247s] Level 1:colcon.colcon_core.environment:checking '/home/jerry/ros2_ws/src/johnny_two/install/johnny_two/lib/python3.10/site-packages'
[6.248s] Level 1:colcon.colcon_core.environment:checking '/home/jerry/ros2_ws/src/johnny_two/install/johnny_two/bin'
[6.250s] INFO:colcon.colcon_core.shell:Creating package script '/home/jerry/ros2_ws/src/johnny_two/install/johnny_two/share/johnny_two/package.ps1'
[6.253s] INFO:colcon.colcon_core.shell:Creating package descriptor '/home/jerry/ros2_ws/src/johnny_two/install/johnny_two/share/johnny_two/package.dsv'
[6.255s] INFO:colcon.colcon_core.shell:Creating package script '/home/jerry/ros2_ws/src/johnny_two/install/johnny_two/share/johnny_two/package.sh'
[6.259s] INFO:colcon.colcon_core.shell:Creating package script '/home/jerry/ros2_ws/src/johnny_two/install/johnny_two/share/johnny_two/package.bash'
[6.261s] INFO:colcon.colcon_core.shell:Creating package script '/home/jerry/ros2_ws/src/johnny_two/install/johnny_two/share/johnny_two/package.zsh'
[6.264s] Level 1:colcon.colcon_core.environment:create_file_with_runtime_dependencies(/home/jerry/ros2_ws/src/johnny_two/install/johnny_two/share/colcon-core/packages/johnny_two)
[6.266s] DEBUG:colcon.colcon_parallel_executor.executor.parallel:closing loop
[6.267s] DEBUG:colcon.colcon_parallel_executor.executor.parallel:loop closed
[6.268s] DEBUG:colcon.colcon_parallel_executor.executor.parallel:run_until_complete finished with '0'
[6.269s] DEBUG:colcon.colcon_core.event_reactor:joining thread
[6.311s] INFO:colcon.colcon_core.plugin_system:Skipping extension 'colcon_notification.desktop_notification.terminal_notifier': Not used on non-Darwin systems
[6.312s] INFO:colcon.colcon_core.plugin_system:Skipping extension 'colcon_notification.desktop_notification.win32': Not used on non-Windows systems
[6.313s] INFO:colcon.colcon_notification.desktop_notification:Sending desktop notification using 'notify2'
[6.382s] DEBUG:colcon.colcon_core.event_reactor:joined thread
[6.383s] INFO:colcon.colcon_core.shell:Creating prefix script '/home/jerry/ros2_ws/src/johnny_two/install/local_setup.ps1'
[6.386s] INFO:colcon.colcon_core.shell:Creating prefix util module '/home/jerry/ros2_ws/src/johnny_two/install/_local_setup_util_ps1.py'
[6.395s] INFO:colcon.colcon_core.shell:Creating prefix chain script '/home/jerry/ros2_ws/src/johnny_two/install/setup.ps1'
[6.404s] INFO:colcon.colcon_core.shell:Creating prefix script '/home/jerry/ros2_ws/src/johnny_two/install/local_setup.sh'
[6.409s] INFO:colcon.colcon_core.shell:Creating prefix util module '/home/jerry/ros2_ws/src/johnny_two/install/_local_setup_util_sh.py'
[6.412s] INFO:colcon.colcon_core.shell:Creating prefix chain script '/home/jerry/ros2_ws/src/johnny_two/install/setup.sh'
[6.419s] INFO:colcon.colcon_core.shell:Creating prefix script '/home/jerry/ros2_ws/src/johnny_two/install/local_setup.bash'
[6.423s] INFO:colcon.colcon_core.shell:Creating prefix chain script '/home/jerry/ros2_ws/src/johnny_two/install/setup.bash'
[6.431s] INFO:colcon.colcon_core.shell:Creating prefix script '/home/jerry/ros2_ws/src/johnny_two/install/local_setup.zsh'
[6.435s] INFO:colcon.colcon_core.shell:Creating prefix chain script '/home/jerry/ros2_ws/src/johnny_two/install/setup.zsh'
