[0.321s] DEBUG:colcon:Command line arguments: ['/usr/bin/colcon', 'build', '--symlink-install']
[0.322s] DEBUG:colcon:Parsed command line arguments: Namespace(log_base=None, log_level=None, verb_name='build', build_base='build', install_base='install', merge_install=False, symlink_install=True, test_result_base=None, continue_on_error=False, executor='parallel', parallel_workers=2, event_handlers=None, ignore_user_meta=False, metas=['./colcon.meta'], base_paths=['.'], packages_ignore=None, packages_ignore_regex=None, paths=None, packages_up_to=None, packages_up_to_regex=None, packages_above=None, packages_above_and_dependencies=None, packages_above_depth=None, packages_select_by_dep=None, packages_skip_by_dep=None, packages_skip_up_to=None, packages_select_build_failed=False, packages_skip_build_finished=False, packages_select_test_failures=False, packages_skip_test_passed=False, packages_select=None, packages_skip=None, packages_select_regex=None, packages_skip_regex=None, packages_start=None, packages_end=None, allow_overriding=[], cmake_args=None, cmake_target=None, cmake_target_skip_unavailable=False, cmake_clean_cache=False, cmake_clean_first=False, cmake_force_configure=False, ament_cmake_args=None, catkin_cmake_args=None, catkin_skip_building_tests=False, mixin_files=None, mixin=None, verb_parser=<colcon_mixin.mixin.mixin_argument.MixinArgumentDecorator object at 0x71ef9d0b5630>, verb_extension=<colcon_core.verb.build.BuildVerb object at 0x71ef9d0b50f0>, main=<bound method BuildVerb.main of <colcon_core.verb.build.BuildVerb object at 0x71ef9d0b50f0>>, mixin_verb=('build',))
[0.806s] Level 1:colcon.colcon_core.package_discovery:discover_packages(colcon_meta) check parameters
[0.806s] Level 1:colcon.colcon_core.package_discovery:discover_packages(recursive) check parameters
[0.806s] Level 1:colcon.colcon_core.package_discovery:discover_packages(ignore) check parameters
[0.806s] Level 1:colcon.colcon_core.package_discovery:discover_packages(path) check parameters
[0.806s] Level 1:colcon.colcon_core.package_discovery:discover_packages(colcon_meta) discover
[0.807s] Level 1:colcon.colcon_core.package_discovery:discover_packages(recursive) discover
[0.807s] INFO:colcon.colcon_core.package_discovery:Crawling recursively for packages in '/home/jerry/ros2_ws/src/johnny_two'
[0.807s] Level 1:colcon.colcon_core.package_identification:_identify(.) by extensions ['ignore', 'ignore_ament_install']
[0.808s] Level 1:colcon.colcon_core.package_identification:_identify(.) by extension 'ignore'
[0.808s] Level 1:colcon.colcon_core.package_identification:_identify(.) by extension 'ignore_ament_install'
[0.808s] Level 1:colcon.colcon_core.package_identification:_identify(.) by extensions ['colcon_pkg']
[0.808s] Level 1:colcon.colcon_core.package_identification:_identify(.) by extension 'colcon_pkg'
[0.808s] Level 1:colcon.colcon_core.package_identification:_identify(.) by extensions ['colcon_meta']
[0.808s] Level 1:colcon.colcon_core.package_identification:_identify(.) by extension 'colcon_meta'
[0.809s] Level 1:colcon.colcon_core.package_identification:_identify(.) by extensions ['ros']
[0.809s] Level 1:colcon.colcon_core.package_identification:_identify(.) by extension 'ros'
[0.842s] DEBUG:colcon.colcon_core.package_identification:Package '.' with type 'ros.ament_cmake' and name 'johnny_two'
[0.843s] Level 1:colcon.colcon_core.package_discovery:discover_packages(recursive) using defaults
[0.843s] Level 1:colcon.colcon_core.package_discovery:discover_packages(ignore) discover
[0.843s] Level 1:colcon.colcon_core.package_discovery:discover_packages(ignore) using defaults
[0.843s] Level 1:colcon.colcon_core.package_discovery:discover_packages(path) discover
[0.843s] Level 1:colcon.colcon_core.package_discovery:discover_packages(path) using defaults
[0.917s] Level 1:colcon.colcon_core.package_discovery:discover_packages(prefix_path) check parameters
[0.917s] Level 1:colcon.colcon_core.package_discovery:discover_packages(prefix_path) discover
[0.925s] DEBUG:colcon.colcon_installed_package_information.package_discovery:Found 2 installed packages in /home/jerry/ros2_ws/install
[0.927s] DEBUG:colcon.colcon_installed_package_information.package_discovery:Found 1 installed packages in /home/jerry/ros2_ws/src/johnny_two/install
[0.932s] DEBUG:colcon.colcon_installed_package_information.package_discovery:Found 273 installed packages in /opt/ros/humble
[0.981s] Level 1:colcon.colcon_core.package_discovery:discover_packages(prefix_path) using defaults
[1.222s] Level 5:colcon.colcon_core.verb:set package 'johnny_two' build argument 'cmake_args' from command line to 'None'
[1.222s] Level 5:colcon.colcon_core.verb:set package 'johnny_two' build argument 'cmake_target' from command line to 'None'
[1.222s] Level 5:colcon.colcon_core.verb:set package 'johnny_two' build argument 'cmake_target_skip_unavailable' from command line to 'False'
[1.223s] Level 5:colcon.colcon_core.verb:set package 'johnny_two' build argument 'cmake_clean_cache' from command line to 'False'
[1.223s] Level 5:colcon.colcon_core.verb:set package 'johnny_two' build argument 'cmake_clean_first' from command line to 'False'
[1.223s] Level 5:colcon.colcon_core.verb:set package 'johnny_two' build argument 'cmake_force_configure' from command line to 'False'
[1.223s] Level 5:colcon.colcon_core.verb:set package 'johnny_two' build argument 'ament_cmake_args' from command line to 'None'
[1.223s] Level 5:colcon.colcon_core.verb:set package 'johnny_two' build argument 'catkin_cmake_args' from command line to 'None'
[1.223s] Level 5:colcon.colcon_core.verb:set package 'johnny_two' build argument 'catkin_skip_building_tests' from command line to 'False'
[1.223s] DEBUG:colcon.colcon_core.verb:Building package 'johnny_two' with the following arguments: {'ament_cmake_args': None, 'build_base': '/home/jerry/ros2_ws/src/johnny_two/build/johnny_two', 'catkin_cmake_args': None, 'catkin_skip_building_tests': False, 'cmake_args': None, 'cmake_clean_cache': False, 'cmake_clean_first': False, 'cmake_force_configure': False, 'cmake_target': None, 'cmake_target_skip_unavailable': False, 'install_base': '/home/jerry/ros2_ws/src/johnny_two/install/johnny_two', 'merge_install': False, 'path': '/home/jerry/ros2_ws/src/johnny_two', 'symlink_install': True, 'test_result_base': None}
[1.224s] INFO:colcon.colcon_core.executor:Executing jobs using 'parallel' executor
[1.227s] DEBUG:colcon.colcon_parallel_executor.executor.parallel:run_until_complete
[1.228s] INFO:colcon.colcon_ros.task.ament_cmake.build:Building ROS package in '/home/jerry/ros2_ws/src/johnny_two' with build type 'ament_cmake'
[1.228s] INFO:colcon.colcon_cmake.task.cmake.build:Building CMake package in '/home/jerry/ros2_ws/src/johnny_two'
[1.235s] INFO:colcon.colcon_core.plugin_system:Skipping extension 'colcon_core.shell.bat': Not used on non-Windows systems
[1.237s] INFO:colcon.colcon_core.shell:Skip shell extension 'powershell' for command environment: Not usable outside of PowerShell
[1.237s] DEBUG:colcon.colcon_core.shell:Skip shell extension 'dsv' for command environment
[1.291s] DEBUG:colcon.colcon_core.event_handler.log_command:Invoking command in '/home/jerry/ros2_ws/src/johnny_two/build/johnny_two': CMAKE_PREFIX_PATH=${CMAKE_PREFIX_PATH}:/opt/ros/humble /usr/bin/cmake --build /home/jerry/ros2_ws/src/johnny_two/build/johnny_two -- -j2 -l2
[1.506s] DEBUG:colcon.colcon_core.event_handler.log_command:Invoked command in '/home/jerry/ros2_ws/src/johnny_two/build/johnny_two' returned '0': CMAKE_PREFIX_PATH=${CMAKE_PREFIX_PATH}:/opt/ros/humble /usr/bin/cmake --build /home/jerry/ros2_ws/src/johnny_two/build/johnny_two -- -j2 -l2
[1.673s] DEBUG:colcon.colcon_core.event_handler.log_command:Invoking command in '/home/jerry/ros2_ws/src/johnny_two/build/johnny_two': CMAKE_PREFIX_PATH=${CMAKE_PREFIX_PATH}:/opt/ros/humble /usr/bin/cmake --install /home/jerry/ros2_ws/src/johnny_two/build/johnny_two
[1.856s] Level 1:colcon.colcon_core.environment:create_environment_scripts_only(johnny_two)
[1.862s] DEBUG:colcon.colcon_core.event_handler.log_command:Invoked command in '/home/jerry/ros2_ws/src/johnny_two/build/johnny_two' returned '0': CMAKE_PREFIX_PATH=${CMAKE_PREFIX_PATH}:/opt/ros/humble /usr/bin/cmake --install /home/jerry/ros2_ws/src/johnny_two/build/johnny_two
[1.871s] Level 1:colcon.colcon_core.environment:checking '/home/jerry/ros2_ws/src/johnny_two/install/johnny_two' for CMake module files
[1.874s] Level 1:colcon.colcon_core.environment:checking '/home/jerry/ros2_ws/src/johnny_two/install/johnny_two' for CMake config files
[1.876s] Level 1:colcon.colcon_core.shell:create_environment_hook('johnny_two', 'cmake_prefix_path')
[1.877s] INFO:colcon.colcon_core.shell:Creating environment hook '/home/jerry/ros2_ws/src/johnny_two/install/johnny_two/share/johnny_two/hook/cmake_prefix_path.ps1'
[1.881s] INFO:colcon.colcon_core.shell:Creating environment descriptor '/home/jerry/ros2_ws/src/johnny_two/install/johnny_two/share/johnny_two/hook/cmake_prefix_path.dsv'
[1.884s] INFO:colcon.colcon_core.shell:Creating environment hook '/home/jerry/ros2_ws/src/johnny_two/install/johnny_two/share/johnny_two/hook/cmake_prefix_path.sh'
[1.890s] Level 1:colcon.colcon_core.environment:checking '/home/jerry/ros2_ws/src/johnny_two/install/johnny_two/bin'
[1.890s] Level 1:colcon.colcon_core.environment:checking '/home/jerry/ros2_ws/src/johnny_two/install/johnny_two/lib/pkgconfig/johnny_two.pc'
[1.892s] Level 1:colcon.colcon_core.environment:checking '/home/jerry/ros2_ws/src/johnny_two/install/johnny_two/lib/python3.10/site-packages'
[1.893s] Level 1:colcon.colcon_core.environment:checking '/home/jerry/ros2_ws/src/johnny_two/install/johnny_two/bin'
[1.894s] INFO:colcon.colcon_core.shell:Creating package script '/home/jerry/ros2_ws/src/johnny_two/install/johnny_two/share/johnny_two/package.ps1'
[1.899s] INFO:colcon.colcon_core.shell:Creating package descriptor '/home/jerry/ros2_ws/src/johnny_two/install/johnny_two/share/johnny_two/package.dsv'
[1.902s] INFO:colcon.colcon_core.shell:Creating package script '/home/jerry/ros2_ws/src/johnny_two/install/johnny_two/share/johnny_two/package.sh'
[1.906s] INFO:colcon.colcon_core.shell:Creating package script '/home/jerry/ros2_ws/src/johnny_two/install/johnny_two/share/johnny_two/package.bash'
[1.909s] INFO:colcon.colcon_core.shell:Creating package script '/home/jerry/ros2_ws/src/johnny_two/install/johnny_two/share/johnny_two/package.zsh'
[1.913s] Level 1:colcon.colcon_core.environment:create_file_with_runtime_dependencies(/home/jerry/ros2_ws/src/johnny_two/install/johnny_two/share/colcon-core/packages/johnny_two)
[2.047s] Level 1:colcon.colcon_core.environment:create_environment_scripts_only(johnny_two)
[2.048s] Level 1:colcon.colcon_core.environment:checking '/home/jerry/ros2_ws/src/johnny_two/install/johnny_two' for CMake module files
[2.050s] Level 1:colcon.colcon_core.environment:checking '/home/jerry/ros2_ws/src/johnny_two/install/johnny_two' for CMake config files
[2.052s] Level 1:colcon.colcon_core.shell:create_environment_hook('johnny_two', 'cmake_prefix_path')
[2.053s] INFO:colcon.colcon_core.shell:Creating environment hook '/home/jerry/ros2_ws/src/johnny_two/install/johnny_two/share/johnny_two/hook/cmake_prefix_path.ps1'
[2.055s] INFO:colcon.colcon_core.shell:Creating environment descriptor '/home/jerry/ros2_ws/src/johnny_two/install/johnny_two/share/johnny_two/hook/cmake_prefix_path.dsv'
[2.056s] INFO:colcon.colcon_core.shell:Creating environment hook '/home/jerry/ros2_ws/src/johnny_two/install/johnny_two/share/johnny_two/hook/cmake_prefix_path.sh'
[2.059s] Level 1:colcon.colcon_core.environment:checking '/home/jerry/ros2_ws/src/johnny_two/install/johnny_two/bin'
[2.059s] Level 1:colcon.colcon_core.environment:checking '/home/jerry/ros2_ws/src/johnny_two/install/johnny_two/lib/pkgconfig/johnny_two.pc'
[2.061s] Level 1:colcon.colcon_core.environment:checking '/home/jerry/ros2_ws/src/johnny_two/install/johnny_two/lib/python3.10/site-packages'
[2.063s] Level 1:colcon.colcon_core.environment:checking '/home/jerry/ros2_ws/src/johnny_two/install/johnny_two/bin'
[2.065s] INFO:colcon.colcon_core.shell:Creating package script '/home/jerry/ros2_ws/src/johnny_two/install/johnny_two/share/johnny_two/package.ps1'
[2.068s] INFO:colcon.colcon_core.shell:Creating package descriptor '/home/jerry/ros2_ws/src/johnny_two/install/johnny_two/share/johnny_two/package.dsv'
[2.071s] INFO:colcon.colcon_core.shell:Creating package script '/home/jerry/ros2_ws/src/johnny_two/install/johnny_two/share/johnny_two/package.sh'
[2.074s] INFO:colcon.colcon_core.shell:Creating package script '/home/jerry/ros2_ws/src/johnny_two/install/johnny_two/share/johnny_two/package.bash'
[2.079s] INFO:colcon.colcon_core.shell:Creating package script '/home/jerry/ros2_ws/src/johnny_two/install/johnny_two/share/johnny_two/package.zsh'
[2.085s] Level 1:colcon.colcon_core.environment:create_file_with_runtime_dependencies(/home/jerry/ros2_ws/src/johnny_two/install/johnny_two/share/colcon-core/packages/johnny_two)
[2.087s] DEBUG:colcon.colcon_parallel_executor.executor.parallel:closing loop
[2.089s] DEBUG:colcon.colcon_parallel_executor.executor.parallel:loop closed
[2.089s] DEBUG:colcon.colcon_parallel_executor.executor.parallel:run_until_complete finished with '0'
[2.089s] DEBUG:colcon.colcon_core.event_reactor:joining thread
[2.104s] INFO:colcon.colcon_core.plugin_system:Skipping extension 'colcon_notification.desktop_notification.terminal_notifier': Not used on non-Darwin systems
[2.104s] INFO:colcon.colcon_core.plugin_system:Skipping extension 'colcon_notification.desktop_notification.win32': Not used on non-Windows systems
[2.105s] INFO:colcon.colcon_notification.desktop_notification:Sending desktop notification using 'notify2'
[2.140s] DEBUG:colcon.colcon_core.event_reactor:joined thread
[2.141s] INFO:colcon.colcon_core.shell:Creating prefix script '/home/jerry/ros2_ws/src/johnny_two/install/local_setup.ps1'
[2.146s] INFO:colcon.colcon_core.shell:Creating prefix util module '/home/jerry/ros2_ws/src/johnny_two/install/_local_setup_util_ps1.py'
[2.153s] INFO:colcon.colcon_core.shell:Creating prefix chain script '/home/jerry/ros2_ws/src/johnny_two/install/setup.ps1'
[2.160s] INFO:colcon.colcon_core.shell:Creating prefix script '/home/jerry/ros2_ws/src/johnny_two/install/local_setup.sh'
[2.163s] INFO:colcon.colcon_core.shell:Creating prefix util module '/home/jerry/ros2_ws/src/johnny_two/install/_local_setup_util_sh.py'
[2.166s] INFO:colcon.colcon_core.shell:Creating prefix chain script '/home/jerry/ros2_ws/src/johnny_two/install/setup.sh'
[2.174s] INFO:colcon.colcon_core.shell:Creating prefix script '/home/jerry/ros2_ws/src/johnny_two/install/local_setup.bash'
[2.177s] INFO:colcon.colcon_core.shell:Creating prefix chain script '/home/jerry/ros2_ws/src/johnny_two/install/setup.bash'
[2.181s] INFO:colcon.colcon_core.shell:Creating prefix script '/home/jerry/ros2_ws/src/johnny_two/install/local_setup.zsh'
[2.184s] INFO:colcon.colcon_core.shell:Creating prefix chain script '/home/jerry/ros2_ws/src/johnny_two/install/setup.zsh'
