[0.086s] Invoking command in '/home/jerry/ros2_ws/src/johnny_two/build/johnny_two': CMAKE_PREFIX_PATH=${CMAKE_PREFIX_PATH}:/opt/ros/humble /usr/bin/cmake --build /home/jerry/ros2_ws/src/johnny_two/build/johnny_two -- -j2 -l2
[0.306s] Invoked command in '/home/jerry/ros2_ws/src/johnny_two/build/johnny_two' returned '0': CMAKE_PREFIX_PATH=${CMAKE_PREFIX_PATH}:/opt/ros/humble /usr/bin/cmake --build /home/jerry/ros2_ws/src/johnny_two/build/johnny_two -- -j2 -l2
[0.477s] Invoking command in '/home/jerry/ros2_ws/src/johnny_two/build/johnny_two': CMAKE_PREFIX_PATH=${CMAKE_PREFIX_PATH}:/opt/ros/humble /usr/bin/cmake --install /home/jerry/ros2_ws/src/johnny_two/build/johnny_two
[0.517s] -- Install configuration: ""
[0.523s] -- Execute custom install script
[0.529s] -- Up-to-date symlink: /home/jerry/ros2_ws/src/johnny_two/install/johnny_two/share/johnny_two/config/empty.yaml
[0.531s] -- Up-to-date symlink: /home/jerry/ros2_ws/src/johnny_two/install/johnny_two/share/johnny_two/description/robot.urdf.xacro
[0.533s] -- Up-to-date symlink: /home/jerry/ros2_ws/src/johnny_two/install/johnny_two/share/johnny_two/description/robot_core.xacro
[0.537s] -- Up-to-date symlink: /home/jerry/ros2_ws/src/johnny_two/install/johnny_two/share/johnny_two/launch/rsp.launch.py
[0.537s] -- Up-to-date symlink: /home/jerry/ros2_ws/src/johnny_two/install/johnny_two/share/johnny_two/worlds/empty.world
[0.537s] -- Up-to-date symlink: /home/jerry/ros2_ws/src/johnny_two/install/johnny_two/share/ament_index/resource_index/package_run_dependencies/johnny_two
[0.543s] -- Up-to-date symlink: /home/jerry/ros2_ws/src/johnny_two/install/johnny_two/share/ament_index/resource_index/parent_prefix_path/johnny_two
[0.547s] -- Up-to-date symlink: /home/jerry/ros2_ws/src/johnny_two/install/johnny_two/share/johnny_two/environment/ament_prefix_path.sh
[0.547s] -- Up-to-date symlink: /home/jerry/ros2_ws/src/johnny_two/install/johnny_two/share/johnny_two/environment/ament_prefix_path.dsv
[0.551s] -- Up-to-date symlink: /home/jerry/ros2_ws/src/johnny_two/install/johnny_two/share/johnny_two/environment/path.sh
[0.552s] -- Up-to-date symlink: /home/jerry/ros2_ws/src/johnny_two/install/johnny_two/share/johnny_two/environment/path.dsv
[0.559s] -- Up-to-date symlink: /home/jerry/ros2_ws/src/johnny_two/install/johnny_two/share/johnny_two/local_setup.bash
[0.559s] -- Up-to-date symlink: /home/jerry/ros2_ws/src/johnny_two/install/johnny_two/share/johnny_two/local_setup.sh
[0.560s] -- Up-to-date symlink: /home/jerry/ros2_ws/src/johnny_two/install/johnny_two/share/johnny_two/local_setup.zsh
[0.560s] -- Up-to-date symlink: /home/jerry/ros2_ws/src/johnny_two/install/johnny_two/share/johnny_two/local_setup.dsv
[0.561s] -- Symlinking: /home/jerry/ros2_ws/src/johnny_two/install/johnny_two/share/johnny_two/package.dsv
[0.592s] -- Up-to-date symlink: /home/jerry/ros2_ws/src/johnny_two/install/johnny_two/share/ament_index/resource_index/packages/johnny_two
[0.594s] -- Up-to-date symlink: /home/jerry/ros2_ws/src/johnny_two/install/johnny_two/share/johnny_two/cmake/johnny_twoConfig.cmake
[0.595s] -- Up-to-date symlink: /home/jerry/ros2_ws/src/johnny_two/install/johnny_two/share/johnny_two/cmake/johnny_twoConfig-version.cmake
[0.596s] -- Up-to-date symlink: /home/jerry/ros2_ws/src/johnny_two/install/johnny_two/share/johnny_two/package.xml
[0.609s] Invoked command in '/home/jerry/ros2_ws/src/johnny_two/build/johnny_two' returned '0': CMAKE_PREFIX_PATH=${CMAKE_PREFIX_PATH}:/opt/ros/humble /usr/bin/cmake --install /home/jerry/ros2_ws/src/johnny_two/build/johnny_two
