[0.341s] DEBUG:colcon:Command line arguments: ['/usr/bin/colcon', 'build', '--symlink-install']
[0.341s] DEBUG:colcon:Parsed command line arguments: Namespace(log_base=None, log_level=None, verb_name='build', build_base='build', install_base='install', merge_install=False, symlink_install=True, test_result_base=None, continue_on_error=False, executor='parallel', parallel_workers=2, event_handlers=None, ignore_user_meta=False, metas=['./colcon.meta'], base_paths=['.'], packages_ignore=None, packages_ignore_regex=None, paths=None, packages_up_to=None, packages_up_to_regex=None, packages_above=None, packages_above_and_dependencies=None, packages_above_depth=None, packages_select_by_dep=None, packages_skip_by_dep=None, packages_skip_up_to=None, packages_select_build_failed=False, packages_skip_build_finished=False, packages_select_test_failures=False, packages_skip_test_passed=False, packages_select=None, packages_skip=None, packages_select_regex=None, packages_skip_regex=None, packages_start=None, packages_end=None, allow_overriding=[], cmake_args=None, cmake_target=None, cmake_target_skip_unavailable=False, cmake_clean_cache=False, cmake_clean_first=False, cmake_force_configure=False, ament_cmake_args=None, catkin_cmake_args=None, catkin_skip_building_tests=False, mixin_files=None, mixin=None, verb_parser=<colcon_mixin.mixin.mixin_argument.MixinArgumentDecorator object at 0x77c589c35630>, verb_extension=<colcon_core.verb.build.BuildVerb object at 0x77c589c350f0>, main=<bound method BuildVerb.main of <colcon_core.verb.build.BuildVerb object at 0x77c589c350f0>>, mixin_verb=('build',))
[0.899s] Level 1:colcon.colcon_core.package_discovery:discover_packages(colcon_meta) check parameters
[0.900s] Level 1:colcon.colcon_core.package_discovery:discover_packages(recursive) check parameters
[0.900s] Level 1:colcon.colcon_core.package_discovery:discover_packages(ignore) check parameters
[0.900s] Level 1:colcon.colcon_core.package_discovery:discover_packages(path) check parameters
[0.900s] Level 1:colcon.colcon_core.package_discovery:discover_packages(colcon_meta) discover
[0.901s] Level 1:colcon.colcon_core.package_discovery:discover_packages(recursive) discover
[0.901s] INFO:colcon.colcon_core.package_discovery:Crawling recursively for packages in '/home/jerry/ros2_ws/src/johnny_two'
[0.901s] Level 1:colcon.colcon_core.package_identification:_identify(.) by extensions ['ignore', 'ignore_ament_install']
[0.901s] Level 1:colcon.colcon_core.package_identification:_identify(.) by extension 'ignore'
[0.902s] Level 1:colcon.colcon_core.package_identification:_identify(.) by extension 'ignore_ament_install'
[0.902s] Level 1:colcon.colcon_core.package_identification:_identify(.) by extensions ['colcon_pkg']
[0.902s] Level 1:colcon.colcon_core.package_identification:_identify(.) by extension 'colcon_pkg'
[0.902s] Level 1:colcon.colcon_core.package_identification:_identify(.) by extensions ['colcon_meta']
[0.902s] Level 1:colcon.colcon_core.package_identification:_identify(.) by extension 'colcon_meta'
[0.902s] Level 1:colcon.colcon_core.package_identification:_identify(.) by extensions ['ros']
[0.903s] Level 1:colcon.colcon_core.package_identification:_identify(.) by extension 'ros'
[0.942s] DEBUG:colcon.colcon_core.package_identification:Package '.' with type 'ros.ament_cmake' and name 'johnny_two'
[0.942s] Level 1:colcon.colcon_core.package_discovery:discover_packages(recursive) using defaults
[0.943s] Level 1:colcon.colcon_core.package_discovery:discover_packages(ignore) discover
[0.943s] Level 1:colcon.colcon_core.package_discovery:discover_packages(ignore) using defaults
[0.943s] Level 1:colcon.colcon_core.package_discovery:discover_packages(path) discover
[0.943s] Level 1:colcon.colcon_core.package_discovery:discover_packages(path) using defaults
[1.003s] Level 1:colcon.colcon_core.package_discovery:discover_packages(prefix_path) check parameters
[1.003s] Level 1:colcon.colcon_core.package_discovery:discover_packages(prefix_path) discover
[1.008s] DEBUG:colcon.colcon_installed_package_information.package_discovery:Found 2 installed packages in /home/jerry/ros2_ws/install
[1.010s] DEBUG:colcon.colcon_installed_package_information.package_discovery:Found 1 installed packages in /home/jerry/ros2_ws/src/johnny_two/install
[1.014s] DEBUG:colcon.colcon_installed_package_information.package_discovery:Found 273 installed packages in /opt/ros/humble
[1.035s] Level 1:colcon.colcon_core.package_discovery:discover_packages(prefix_path) using defaults
[1.164s] Level 5:colcon.colcon_core.verb:set package 'johnny_two' build argument 'cmake_args' from command line to 'None'
[1.164s] Level 5:colcon.colcon_core.verb:set package 'johnny_two' build argument 'cmake_target' from command line to 'None'
[1.164s] Level 5:colcon.colcon_core.verb:set package 'johnny_two' build argument 'cmake_target_skip_unavailable' from command line to 'False'
[1.164s] Level 5:colcon.colcon_core.verb:set package 'johnny_two' build argument 'cmake_clean_cache' from command line to 'False'
[1.165s] Level 5:colcon.colcon_core.verb:set package 'johnny_two' build argument 'cmake_clean_first' from command line to 'False'
[1.165s] Level 5:colcon.colcon_core.verb:set package 'johnny_two' build argument 'cmake_force_configure' from command line to 'False'
[1.165s] Level 5:colcon.colcon_core.verb:set package 'johnny_two' build argument 'ament_cmake_args' from command line to 'None'
[1.165s] Level 5:colcon.colcon_core.verb:set package 'johnny_two' build argument 'catkin_cmake_args' from command line to 'None'
[1.165s] Level 5:colcon.colcon_core.verb:set package 'johnny_two' build argument 'catkin_skip_building_tests' from command line to 'False'
[1.165s] DEBUG:colcon.colcon_core.verb:Building package 'johnny_two' with the following arguments: {'ament_cmake_args': None, 'build_base': '/home/jerry/ros2_ws/src/johnny_two/build/johnny_two', 'catkin_cmake_args': None, 'catkin_skip_building_tests': False, 'cmake_args': None, 'cmake_clean_cache': False, 'cmake_clean_first': False, 'cmake_force_configure': False, 'cmake_target': None, 'cmake_target_skip_unavailable': False, 'install_base': '/home/jerry/ros2_ws/src/johnny_two/install/johnny_two', 'merge_install': False, 'path': '/home/jerry/ros2_ws/src/johnny_two', 'symlink_install': True, 'test_result_base': None}
[1.166s] INFO:colcon.colcon_core.executor:Executing jobs using 'parallel' executor
[1.171s] DEBUG:colcon.colcon_parallel_executor.executor.parallel:run_until_complete
[1.172s] INFO:colcon.colcon_ros.task.ament_cmake.build:Building ROS package in '/home/jerry/ros2_ws/src/johnny_two' with build type 'ament_cmake'
[1.173s] INFO:colcon.colcon_cmake.task.cmake.build:Building CMake package in '/home/jerry/ros2_ws/src/johnny_two'
[1.181s] INFO:colcon.colcon_core.plugin_system:Skipping extension 'colcon_core.shell.bat': Not used on non-Windows systems
[1.182s] INFO:colcon.colcon_core.shell:Skip shell extension 'powershell' for command environment: Not usable outside of PowerShell
[1.183s] DEBUG:colcon.colcon_core.shell:Skip shell extension 'dsv' for command environment
[1.262s] DEBUG:colcon.colcon_core.event_handler.log_command:Invoking command in '/home/jerry/ros2_ws/src/johnny_two/build/johnny_two': CMAKE_PREFIX_PATH=${CMAKE_PREFIX_PATH}:/opt/ros/humble /usr/bin/cmake --build /home/jerry/ros2_ws/src/johnny_two/build/johnny_two -- -j2 -l2
[1.482s] DEBUG:colcon.colcon_core.event_handler.log_command:Invoked command in '/home/jerry/ros2_ws/src/johnny_two/build/johnny_two' returned '0': CMAKE_PREFIX_PATH=${CMAKE_PREFIX_PATH}:/opt/ros/humble /usr/bin/cmake --build /home/jerry/ros2_ws/src/johnny_two/build/johnny_two -- -j2 -l2
[1.653s] DEBUG:colcon.colcon_core.event_handler.log_command:Invoking command in '/home/jerry/ros2_ws/src/johnny_two/build/johnny_two': CMAKE_PREFIX_PATH=${CMAKE_PREFIX_PATH}:/opt/ros/humble /usr/bin/cmake --install /home/jerry/ros2_ws/src/johnny_two/build/johnny_two
[1.777s] Level 1:colcon.colcon_core.environment:create_environment_scripts_only(johnny_two)
[1.787s] DEBUG:colcon.colcon_core.event_handler.log_command:Invoked command in '/home/jerry/ros2_ws/src/johnny_two/build/johnny_two' returned '0': CMAKE_PREFIX_PATH=${CMAKE_PREFIX_PATH}:/opt/ros/humble /usr/bin/cmake --install /home/jerry/ros2_ws/src/johnny_two/build/johnny_two
[1.790s] Level 1:colcon.colcon_core.environment:checking '/home/jerry/ros2_ws/src/johnny_two/install/johnny_two' for CMake module files
[1.794s] Level 1:colcon.colcon_core.environment:checking '/home/jerry/ros2_ws/src/johnny_two/install/johnny_two' for CMake config files
[1.795s] Level 1:colcon.colcon_core.shell:create_environment_hook('johnny_two', 'cmake_prefix_path')
[1.796s] INFO:colcon.colcon_core.shell:Creating environment hook '/home/jerry/ros2_ws/src/johnny_two/install/johnny_two/share/johnny_two/hook/cmake_prefix_path.ps1'
[1.800s] INFO:colcon.colcon_core.shell:Creating environment descriptor '/home/jerry/ros2_ws/src/johnny_two/install/johnny_two/share/johnny_two/hook/cmake_prefix_path.dsv'
[1.804s] INFO:colcon.colcon_core.shell:Creating environment hook '/home/jerry/ros2_ws/src/johnny_two/install/johnny_two/share/johnny_two/hook/cmake_prefix_path.sh'
[1.809s] Level 1:colcon.colcon_core.environment:checking '/home/jerry/ros2_ws/src/johnny_two/install/johnny_two/bin'
[1.810s] Level 1:colcon.colcon_core.environment:checking '/home/jerry/ros2_ws/src/johnny_two/install/johnny_two/lib/pkgconfig/johnny_two.pc'
[1.811s] Level 1:colcon.colcon_core.environment:checking '/home/jerry/ros2_ws/src/johnny_two/install/johnny_two/lib/python3.10/site-packages'
[1.813s] Level 1:colcon.colcon_core.environment:checking '/home/jerry/ros2_ws/src/johnny_two/install/johnny_two/bin'
[1.814s] INFO:colcon.colcon_core.shell:Creating package script '/home/jerry/ros2_ws/src/johnny_two/install/johnny_two/share/johnny_two/package.ps1'
[1.818s] INFO:colcon.colcon_core.shell:Creating package descriptor '/home/jerry/ros2_ws/src/johnny_two/install/johnny_two/share/johnny_two/package.dsv'
[1.821s] INFO:colcon.colcon_core.shell:Creating package script '/home/jerry/ros2_ws/src/johnny_two/install/johnny_two/share/johnny_two/package.sh'
[1.824s] INFO:colcon.colcon_core.shell:Creating package script '/home/jerry/ros2_ws/src/johnny_two/install/johnny_two/share/johnny_two/package.bash'
[1.827s] INFO:colcon.colcon_core.shell:Creating package script '/home/jerry/ros2_ws/src/johnny_two/install/johnny_two/share/johnny_two/package.zsh'
[1.831s] Level 1:colcon.colcon_core.environment:create_file_with_runtime_dependencies(/home/jerry/ros2_ws/src/johnny_two/install/johnny_two/share/colcon-core/packages/johnny_two)
[1.974s] Level 1:colcon.colcon_core.environment:create_environment_scripts_only(johnny_two)
[1.976s] Level 1:colcon.colcon_core.environment:checking '/home/jerry/ros2_ws/src/johnny_two/install/johnny_two' for CMake module files
[1.978s] Level 1:colcon.colcon_core.environment:checking '/home/jerry/ros2_ws/src/johnny_two/install/johnny_two' for CMake config files
[1.979s] Level 1:colcon.colcon_core.shell:create_environment_hook('johnny_two', 'cmake_prefix_path')
[1.980s] INFO:colcon.colcon_core.shell:Creating environment hook '/home/jerry/ros2_ws/src/johnny_two/install/johnny_two/share/johnny_two/hook/cmake_prefix_path.ps1'
[1.982s] INFO:colcon.colcon_core.shell:Creating environment descriptor '/home/jerry/ros2_ws/src/johnny_two/install/johnny_two/share/johnny_two/hook/cmake_prefix_path.dsv'
[1.984s] INFO:colcon.colcon_core.shell:Creating environment hook '/home/jerry/ros2_ws/src/johnny_two/install/johnny_two/share/johnny_two/hook/cmake_prefix_path.sh'
[1.988s] Level 1:colcon.colcon_core.environment:checking '/home/jerry/ros2_ws/src/johnny_two/install/johnny_two/bin'
[1.989s] Level 1:colcon.colcon_core.environment:checking '/home/jerry/ros2_ws/src/johnny_two/install/johnny_two/lib/pkgconfig/johnny_two.pc'
[1.990s] Level 1:colcon.colcon_core.environment:checking '/home/jerry/ros2_ws/src/johnny_two/install/johnny_two/lib/python3.10/site-packages'
[1.991s] Level 1:colcon.colcon_core.environment:checking '/home/jerry/ros2_ws/src/johnny_two/install/johnny_two/bin'
[1.994s] INFO:colcon.colcon_core.shell:Creating package script '/home/jerry/ros2_ws/src/johnny_two/install/johnny_two/share/johnny_two/package.ps1'
[1.996s] INFO:colcon.colcon_core.shell:Creating package descriptor '/home/jerry/ros2_ws/src/johnny_two/install/johnny_two/share/johnny_two/package.dsv'
[1.999s] INFO:colcon.colcon_core.shell:Creating package script '/home/jerry/ros2_ws/src/johnny_two/install/johnny_two/share/johnny_two/package.sh'
[2.002s] INFO:colcon.colcon_core.shell:Creating package script '/home/jerry/ros2_ws/src/johnny_two/install/johnny_two/share/johnny_two/package.bash'
[2.016s] INFO:colcon.colcon_core.shell:Creating package script '/home/jerry/ros2_ws/src/johnny_two/install/johnny_two/share/johnny_two/package.zsh'
[2.019s] Level 1:colcon.colcon_core.environment:create_file_with_runtime_dependencies(/home/jerry/ros2_ws/src/johnny_two/install/johnny_two/share/colcon-core/packages/johnny_two)
[2.025s] DEBUG:colcon.colcon_parallel_executor.executor.parallel:closing loop
[2.026s] DEBUG:colcon.colcon_parallel_executor.executor.parallel:loop closed
[2.027s] DEBUG:colcon.colcon_parallel_executor.executor.parallel:run_until_complete finished with '0'
[2.027s] DEBUG:colcon.colcon_core.event_reactor:joining thread
[2.058s] INFO:colcon.colcon_core.plugin_system:Skipping extension 'colcon_notification.desktop_notification.terminal_notifier': Not used on non-Darwin systems
[2.058s] INFO:colcon.colcon_core.plugin_system:Skipping extension 'colcon_notification.desktop_notification.win32': Not used on non-Windows systems
[2.059s] INFO:colcon.colcon_notification.desktop_notification:Sending desktop notification using 'notify2'
[2.113s] DEBUG:colcon.colcon_core.event_reactor:joined thread
[2.114s] INFO:colcon.colcon_core.shell:Creating prefix script '/home/jerry/ros2_ws/src/johnny_two/install/local_setup.ps1'
[2.121s] INFO:colcon.colcon_core.shell:Creating prefix util module '/home/jerry/ros2_ws/src/johnny_two/install/_local_setup_util_ps1.py'
[2.133s] INFO:colcon.colcon_core.shell:Creating prefix chain script '/home/jerry/ros2_ws/src/johnny_two/install/setup.ps1'
[2.142s] INFO:colcon.colcon_core.shell:Creating prefix script '/home/jerry/ros2_ws/src/johnny_two/install/local_setup.sh'
[2.148s] INFO:colcon.colcon_core.shell:Creating prefix util module '/home/jerry/ros2_ws/src/johnny_two/install/_local_setup_util_sh.py'
[2.154s] INFO:colcon.colcon_core.shell:Creating prefix chain script '/home/jerry/ros2_ws/src/johnny_two/install/setup.sh'
[2.163s] INFO:colcon.colcon_core.shell:Creating prefix script '/home/jerry/ros2_ws/src/johnny_two/install/local_setup.bash'
[2.168s] INFO:colcon.colcon_core.shell:Creating prefix chain script '/home/jerry/ros2_ws/src/johnny_two/install/setup.bash'
[2.174s] INFO:colcon.colcon_core.shell:Creating prefix script '/home/jerry/ros2_ws/src/johnny_two/install/local_setup.zsh'
[2.180s] INFO:colcon.colcon_core.shell:Creating prefix chain script '/home/jerry/ros2_ws/src/johnny_two/install/setup.zsh'
