-- The C compiler identification is GNU 11.4.0
-- The CXX compiler identification is GNU 11.4.0
-- Detecting C compiler ABI info
-- Detecting C compiler ABI info - done
-- Check for working C compiler: /usr/bin/cc - skipped
-- Detecting C compile features
-- Detecting C compile features - done
-- Detecting CXX compiler ABI info
-- Detecting CXX compiler ABI info - done
-- Check for working CXX compiler: /usr/bin/c++ - skipped
-- Detecting CXX compile features
-- Detecting CXX compile features - done
-- Found ament_cmake: 1.3.9 (/opt/ros/humble/share/ament_cmake/cmake)
-- Found Python3: /usr/bin/python3 (found version "3.10.12") found components: Interpreter 
-- Override CMake install command with custom implementation using symlinks instead of copying resources
-- Found ament_lint_auto: 0.12.11 (/opt/ros/humble/share/ament_lint_auto/cmake)
-- Added test 'copyright' to check source files copyright and LICENSE
-- Added test 'cppcheck' to perform static code analysis on C / C++ code
-- Configured cppcheck include dirs: 
-- Configured cppcheck exclude dirs and/or files: 
-- Added test 'cpplint' to check C / C++ code against the Google style
-- Configured cpplint exclude dirs and/or files: 
-- Added test 'flake8' to check Python code syntax and style conventions
-- Added test 'lint_cmake' to check CMake code style
-- Added test 'pep257' to check Python code against some of the docstring style conventions in PEP 257
-- Added test 'uncrustify' to check C / C++ code style
-- Configured uncrustify additional arguments: 
-- Added test 'xmllint' to check XML markup files
-- Configuring done
-- Generating done
-- Build files have been written to: /home/jerry/ros2_ws/src/johnny_two/build/johnny_two
-- Install configuration: ""
-- Execute custom install script
-- Symlinking: /home/jerry/ros2_ws/src/johnny_two/install/johnny_two/share/johnny_two/config/empty.yaml
-- Symlinking: /home/jerry/ros2_ws/src/johnny_two/install/johnny_two/share/johnny_two/description/robot.urdf.xacro
-- Symlinking: /home/jerry/ros2_ws/src/johnny_two/install/johnny_two/share/johnny_two/launch/rsp.launch.py
-- Symlinking: /home/jerry/ros2_ws/src/johnny_two/install/johnny_two/share/johnny_two/worlds/empty.world
-- Symlinking: /home/jerry/ros2_ws/src/johnny_two/install/johnny_two/share/ament_index/resource_index/package_run_dependencies/johnny_two
-- Symlinking: /home/jerry/ros2_ws/src/johnny_two/install/johnny_two/share/ament_index/resource_index/parent_prefix_path/johnny_two
-- Symlinking: /home/jerry/ros2_ws/src/johnny_two/install/johnny_two/share/johnny_two/environment/ament_prefix_path.sh
-- Symlinking: /home/jerry/ros2_ws/src/johnny_two/install/johnny_two/share/johnny_two/environment/ament_prefix_path.dsv
-- Symlinking: /home/jerry/ros2_ws/src/johnny_two/install/johnny_two/share/johnny_two/environment/path.sh
-- Symlinking: /home/jerry/ros2_ws/src/johnny_two/install/johnny_two/share/johnny_two/environment/path.dsv
-- Symlinking: /home/jerry/ros2_ws/src/johnny_two/install/johnny_two/share/johnny_two/local_setup.bash
-- Symlinking: /home/jerry/ros2_ws/src/johnny_two/install/johnny_two/share/johnny_two/local_setup.sh
-- Symlinking: /home/jerry/ros2_ws/src/johnny_two/install/johnny_two/share/johnny_two/local_setup.zsh
-- Symlinking: /home/jerry/ros2_ws/src/johnny_two/install/johnny_two/share/johnny_two/local_setup.dsv
-- Symlinking: /home/jerry/ros2_ws/src/johnny_two/install/johnny_two/share/johnny_two/package.dsv
-- Symlinking: /home/jerry/ros2_ws/src/johnny_two/install/johnny_two/share/ament_index/resource_index/packages/johnny_two
-- Symlinking: /home/jerry/ros2_ws/src/johnny_two/install/johnny_two/share/johnny_two/cmake/johnny_twoConfig.cmake
-- Symlinking: /home/jerry/ros2_ws/src/johnny_two/install/johnny_two/share/johnny_two/cmake/johnny_twoConfig-version.cmake
-- Symlinking: /home/jerry/ros2_ws/src/johnny_two/install/johnny_two/share/johnny_two/package.xml
